/scratch/network/junzey/NLP/nlp-final-project/probe_models_alchemy/predictions/encoded_NL.t5linear_single_beaker_init_full_avgavg_real_pret5_encInitState=NL_l-1_single_beaker_final.NL_real.jsonl
Entity Exact Match: 0.7572886297376094
State Exact Match: 0.09693877551020408
1
/scratch/network/junzey/NLP/nlp-final-project/probe_models_alchemy/predictions/real_pret5_encInitState=NL_lr=1.4e-05_btch=16_patience=10_l-1_single_beaker_final.NL_real.jsonl
Entity Exact Match: 0.7543731778425656
State Exact Match: 0.10306122448979592
2
/scratch/network/junzey/NLP/nlp-final-project/probe_models_alchemy/predictions/real_pret5_encInitState=NL_lr=1.4e-05_btch=16_patience=14_l-1_single_beaker_final.NL_real.jsonl
Entity Exact Match: 0.7645772594752187
State Exact Match: 0.11632653061224489
3
/scratch/network/junzey/NLP/nlp-final-project/probe_models_alchemy/predictions/real_pret5_encInitState=NL_lr=1.4e-05_btch=16_patience=6_l-1_single_beaker_final.NL_real.jsonl
Entity Exact Match: 0.7778425655976676
State Exact Match: 0.12040816326530612
4
/scratch/network/junzey/NLP/nlp-final-project/probe_models_alchemy/predictions/real_pret5_encInitState=NL_lr=1.4e-05_btch=32_patience=10_l-1_single_beaker_final.NL_real.jsonl
Entity Exact Match: 0.7454810495626822
State Exact Match: 0.08061224489795918
5
/scratch/network/junzey/NLP/nlp-final-project/probe_models_alchemy/predictions/real_pret5_encInitState=NL_lr=1.4e-05_btch=32_patience=14_l-1_single_beaker_final.NL_real.jsonl
Entity Exact Match: 0.7056851311953353
State Exact Match: 0.10714285714285714
6
/scratch/network/junzey/NLP/nlp-final-project/probe_models_alchemy/predictions/real_pret5_encInitState=NL_lr=1.4e-05_btch=32_patience=6_l-1_single_beaker_final.NL_real.jsonl
Entity Exact Match: 0.7524781341107871
State Exact Match: 0.11224489795918367
7
/scratch/network/junzey/NLP/nlp-final-project/probe_models_alchemy/predictions/real_pret5_encInitState=NL_lr=1.4e-05_btch=8_patience=10_l-1_single_beaker_final.NL_real.jsonl
Entity Exact Match: 0.7600583090379008
State Exact Match: 0.12448979591836734
8
/scratch/network/junzey/NLP/nlp-final-project/probe_models_alchemy/predictions/real_pret5_encInitState=NL_lr=1.4e-05_btch=8_patience=14_l-1_single_beaker_final.NL_real.jsonl
Entity Exact Match: 0.7685131195335277
State Exact Match: 0.11224489795918367
9
/scratch/network/junzey/NLP/nlp-final-project/probe_models_alchemy/predictions/real_pret5_encInitState=NL_lr=1.4e-05_btch=8_patience=6_l-1_single_beaker_final.NL_real.jsonl
Entity Exact Match: 0.7647230320699708
State Exact Match: 0.12448979591836734
10
/scratch/network/junzey/NLP/nlp-final-project/probe_models_alchemy/predictions/real_pret5_encInitState=NL_lr=1e-05_btch=16_patience=14_l-1_single_beaker_final.NL_real.jsonl
Entity Exact Match: 0.7580174927113703
State Exact Match: 0.11224489795918367
11
/scratch/network/junzey/NLP/nlp-final-project/probe_models_alchemy/predictions/real_pret5_encInitState=NL_lr=1e-05_btch=16_patience=6_l-1_single_beaker_final.NL_real.jsonl
Entity Exact Match: 0.7657434402332362
State Exact Match: 0.11632653061224489
12
/scratch/network/junzey/NLP/nlp-final-project/probe_models_alchemy/predictions/real_pret5_encInitState=NL_lr=1e-05_btch=32_patience=10_l-1_single_beaker_final.NL_real.jsonl
Entity Exact Match: 0.7540816326530613
State Exact Match: 0.10408163265306122
13
/scratch/network/junzey/NLP/nlp-final-project/probe_models_alchemy/predictions/real_pret5_encInitState=NL_lr=1e-05_btch=32_patience=14_l-1_single_beaker_final.NL_real.jsonl
Entity Exact Match: 0.7658892128279884
State Exact Match: 0.11734693877551021
14
/scratch/network/junzey/NLP/nlp-final-project/probe_models_alchemy/predictions/real_pret5_encInitState=NL_lr=1e-05_btch=32_patience=6_l-1_single_beaker_final.NL_real.jsonl
Entity Exact Match: 0.7326530612244898
State Exact Match: 0.11020408163265306
15
/scratch/network/junzey/NLP/nlp-final-project/probe_models_alchemy/predictions/real_pret5_encInitState=NL_lr=1e-05_btch=8_patience=10_l-1_single_beaker_final.NL_real.jsonl
Entity Exact Match: 0.7664723032069971
State Exact Match: 0.12040816326530612
16
/scratch/network/junzey/NLP/nlp-final-project/probe_models_alchemy/predictions/real_pret5_encInitState=NL_lr=1e-05_btch=8_patience=14_l-1_single_beaker_final.NL_real.jsonl
Entity Exact Match: 0.7564139941690962
State Exact Match: 0.09489795918367347
17
/scratch/network/junzey/NLP/nlp-final-project/probe_models_alchemy/predictions/real_pret5_encInitState=NL_lr=1e-05_btch=8_patience=6_l-1_single_beaker_final.NL_real.jsonl
Entity Exact Match: 0.7527696793002916
State Exact Match: 0.11326530612244898
18
